<?xml version="1.0" encoding="UTF-8"?>
<!-- Generated by org.testng.reporters.JUnitXMLReporter -->
<testsuite ignored="0" hostname="LAPTOP-LO3V6RGG" failures="4" tests="4" name="Login Test cases" time="0.029" errors="0" timestamp="01 Oct 2020 08:08:14 GMT">
  <testcase classname="DataDrivenFramework.BothCorrect" name="loginWithCorrectUsername" time="0.0">
    <failure type="org.testng.TestNGException" message="
Parameter &amp;apos;username&amp;apos; is required by @Test on method loginWithCorrectUsername but has not been marked @Optional or defined
in C:\Users\Prabhakaran\eclipse-workspace\SeleniumTestNGJava\src\test\java\DataDrivenFramework\DataDriven1.xml">
      <![CDATA[org.testng.TestNGException: 
Parameter 'username' is required by @Test on method loginWithCorrectUsername but has not been marked @Optional or defined
in C:\Users\Prabhakaran\eclipse-workspace\SeleniumTestNGJava\src\test\java\DataDrivenFramework\DataDriven1.xml
... Removed 24 stack frames]]>
    </failure>
  </testcase> <!-- loginWithCorrectUsername -->
  <testcase classname="DataDrivenFramework.BothIncorrect" name="loginWithBothIncorrect" time="0.0">
    <failure type="org.testng.TestNGException" message="
Parameter &amp;apos;username&amp;apos; is required by @Test on method loginWithBothIncorrect but has not been marked @Optional or defined
in C:\Users\Prabhakaran\eclipse-workspace\SeleniumTestNGJava\src\test\java\DataDrivenFramework\DataDriven1.xml">
      <![CDATA[org.testng.TestNGException: 
Parameter 'username' is required by @Test on method loginWithBothIncorrect but has not been marked @Optional or defined
in C:\Users\Prabhakaran\eclipse-workspace\SeleniumTestNGJava\src\test\java\DataDrivenFramework\DataDriven1.xml
... Removed 24 stack frames]]>
    </failure>
  </testcase> <!-- loginWithBothIncorrect -->
  <testcase classname="DataDrivenFramework.CorrectPassword" name="loginWithCorrectPassword" time="0.0">
    <failure type="org.testng.TestNGException" message="
Parameter &amp;apos;username&amp;apos; is required by @Test on method loginWithCorrectPassword but has not been marked @Optional or defined
in C:\Users\Prabhakaran\eclipse-workspace\SeleniumTestNGJava\src\test\java\DataDrivenFramework\DataDriven1.xml">
      <![CDATA[org.testng.TestNGException: 
Parameter 'username' is required by @Test on method loginWithCorrectPassword but has not been marked @Optional or defined
in C:\Users\Prabhakaran\eclipse-workspace\SeleniumTestNGJava\src\test\java\DataDrivenFramework\DataDriven1.xml
... Removed 24 stack frames]]>
    </failure>
  </testcase> <!-- loginWithCorrectPassword -->
  <testcase classname="DataDrivenFramework.CorrectUsername" name="loginWithCorrectUsername" time="0.0">
    <failure type="org.testng.TestNGException" message="
Parameter &amp;apos;username&amp;apos; is required by @Test on method loginWithCorrectUsername but has not been marked @Optional or defined
in C:\Users\Prabhakaran\eclipse-workspace\SeleniumTestNGJava\src\test\java\DataDrivenFramework\DataDriven1.xml">
      <![CDATA[org.testng.TestNGException: 
Parameter 'username' is required by @Test on method loginWithCorrectUsername but has not been marked @Optional or defined
in C:\Users\Prabhakaran\eclipse-workspace\SeleniumTestNGJava\src\test\java\DataDrivenFramework\DataDriven1.xml
... Removed 24 stack frames]]>
    </failure>
  </testcase> <!-- loginWithCorrectUsername -->
</testsuite> <!-- Login Test cases -->
